2023-03-31T10:07:29+00:00 DEBUG tt4b_product_sync: missing access token for tt4b_product_sync
2023-03-31T10:07:29+00:00 DEBUG tt4b_product_sync: missing access token for tt4b_product_sync
2023-03-31T10:07:30+00:00 DEBUG tt4b_product_sync: missing access token for tt4b_product_sync
2023-03-31T10:07:30+00:00 DEBUG tt4b_product_sync: missing access token for tt4b_product_sync
2023-03-31T10:07:30+00:00 DEBUG tt4b_product_sync: missing access token for tt4b_product_sync
2023-03-31T10:07:31+00:00 DEBUG tt4b_product_sync: missing access token for tt4b_product_sync
2023-03-31T10:07:31+00:00 DEBUG tt4b_product_sync: missing access token for tt4b_product_sync
2023-03-31T10:07:31+00:00 DEBUG tt4b_product_sync: missing access token for tt4b_product_sync
2023-03-31T10:07:32+00:00 DEBUG tt4b_product_sync: missing access token for tt4b_product_sync
2023-03-31T10:07:32+00:00 DEBUG tt4b_product_sync: missing access token for tt4b_product_sync
2023-03-31T10:07:32+00:00 DEBUG tt4b_product_sync: missing access token for tt4b_product_sync
2023-03-31T10:07:33+00:00 DEBUG tt4b_product_sync: missing access token for tt4b_product_sync
2023-03-31T10:07:33+00:00 DEBUG tt4b_product_sync: missing access token for tt4b_product_sync
2023-03-31T10:07:33+00:00 DEBUG tt4b_product_sync: missing access token for tt4b_product_sync
2023-03-31T10:07:34+00:00 DEBUG tt4b_product_sync: missing access token for tt4b_product_sync
2023-03-31T10:07:34+00:00 DEBUG tt4b_product_sync: missing access token for tt4b_product_sync
2023-03-31T10:07:34+00:00 DEBUG tt4b_product_sync: missing access token for tt4b_product_sync
2023-03-31T10:07:35+00:00 DEBUG tt4b_product_sync: missing access token for tt4b_product_sync
2023-03-31T10:07:35+00:00 DEBUG tt4b_product_sync: missing access token for tt4b_product_sync
2023-03-31T10:07:35+00:00 DEBUG tt4b_product_sync: missing access token for tt4b_product_sync
2023-03-31T10:07:36+00:00 DEBUG tt4b_product_sync: missing access token for tt4b_product_sync
2023-03-31T10:07:36+00:00 DEBUG tt4b_product_sync: missing access token for tt4b_product_sync
2023-03-31T10:07:36+00:00 DEBUG tt4b_product_sync: missing access token for tt4b_product_sync
2023-03-31T10:07:37+00:00 DEBUG tt4b_product_sync: missing access token for tt4b_product_sync
2023-03-31T10:07:37+00:00 DEBUG tt4b_product_sync: missing access token for tt4b_product_sync
2023-03-31T10:07:37+00:00 DEBUG tt4b_product_sync: missing access token for tt4b_product_sync
2023-03-31T10:07:38+00:00 DEBUG tt4b_product_sync: missing access token for tt4b_product_sync
2023-03-31T10:07:38+00:00 DEBUG tt4b_product_sync: missing access token for tt4b_product_sync
2023-03-31T10:07:38+00:00 DEBUG tt4b_product_sync: missing access token for tt4b_product_sync
2023-03-31T10:07:38+00:00 DEBUG tt4b_product_sync: missing access token for tt4b_product_sync
2023-03-31T10:07:44+00:00 DEBUG tt4b_product_sync: missing access token for tt4b_product_sync
2023-03-31T10:07:51+00:00 DEBUG tt4b_product_sync: missing access token for tt4b_product_sync
2023-03-31T10:07:54+00:00 DEBUG tt4b_product_sync: missing access token for tt4b_product_sync
2023-03-31T10:08:06+00:00 DEBUG tt4b_product_sync: missing access token for tt4b_product_sync
2023-03-31T10:08:06+00:00 DEBUG tt4b_product_sync: missing access token for tt4b_product_sync
2023-03-31T10:08:06+00:00 DEBUG tt4b_product_sync: missing access token for tt4b_product_sync
2023-03-31T10:08:07+00:00 DEBUG tt4b_product_sync: missing access token for tt4b_product_sync
2023-03-31T10:08:07+00:00 DEBUG tt4b_product_sync: missing access token for tt4b_product_sync
2023-03-31T10:08:07+00:00 DEBUG tt4b_product_sync: missing access token for tt4b_product_sync
2023-03-31T10:08:12+00:00 DEBUG tt4b_product_sync: missing access token for tt4b_product_sync
2023-03-31T10:08:21+00:00 DEBUG tt4b_product_sync: missing access token for tt4b_product_sync
2023-03-31T10:08:31+00:00 DEBUG tt4b_product_sync: missing access token for tt4b_product_sync
2023-03-31T10:08:39+00:00 DEBUG tt4b_product_sync: missing access token for tt4b_product_sync
2023-03-31T10:08:39+00:00 DEBUG tt4b_product_sync: missing access token for tt4b_product_sync
2023-03-31T10:08:40+00:00 DEBUG tt4b_product_sync: missing access token for tt4b_product_sync
2023-03-31T10:08:40+00:00 DEBUG tt4b_product_sync: missing access token for tt4b_product_sync
2023-03-31T10:08:41+00:00 DEBUG tt4b_product_sync: missing access token for tt4b_product_sync
2023-03-31T10:08:41+00:00 DEBUG tt4b_product_sync: missing access token for tt4b_product_sync
2023-03-31T10:08:42+00:00 DEBUG tt4b_product_sync: missing access token for tt4b_product_sync
2023-03-31T10:08:42+00:00 DEBUG tt4b_product_sync: missing access token for tt4b_product_sync
2023-03-31T10:08:43+00:00 DEBUG tt4b_product_sync: missing access token for tt4b_product_sync
2023-03-31T10:08:43+00:00 DEBUG tt4b_product_sync: missing access token for tt4b_product_sync
2023-03-31T10:08:44+00:00 DEBUG tt4b_product_sync: missing access token for tt4b_product_sync
2023-03-31T10:08:44+00:00 DEBUG tt4b_product_sync: missing access token for tt4b_product_sync
2023-03-31T10:08:44+00:00 DEBUG tt4b_product_sync: missing access token for tt4b_product_sync
2023-03-31T10:08:49+00:00 DEBUG tt4b_product_sync: missing access token for tt4b_product_sync
2023-03-31T10:08:54+00:00 DEBUG tt4b_product_sync: missing access token for tt4b_product_sync
2023-03-31T10:09:00+00:00 DEBUG tt4b_product_sync: missing access token for tt4b_product_sync
2023-03-31T10:09:05+00:00 DEBUG tt4b_product_sync: missing access token for tt4b_product_sync
2023-03-31T10:09:13+00:00 DEBUG tt4b_product_sync: missing access token for tt4b_product_sync
2023-03-31T10:09:14+00:00 DEBUG tt4b_product_sync: missing access token for tt4b_product_sync
2023-03-31T10:09:14+00:00 DEBUG tt4b_product_sync: missing access token for tt4b_product_sync
2023-03-31T10:09:14+00:00 DEBUG tt4b_product_sync: missing access token for tt4b_product_sync
2023-03-31T10:09:15+00:00 DEBUG tt4b_product_sync: missing access token for tt4b_product_sync
2023-03-31T10:09:15+00:00 DEBUG tt4b_product_sync: missing access token for tt4b_product_sync
2023-03-31T10:09:16+00:00 DEBUG tt4b_product_sync: missing access token for tt4b_product_sync
2023-03-31T10:09:16+00:00 DEBUG tt4b_product_sync: missing access token for tt4b_product_sync
2023-03-31T10:09:17+00:00 DEBUG tt4b_product_sync: missing access token for tt4b_product_sync
2023-03-31T10:09:17+00:00 DEBUG tt4b_product_sync: missing access token for tt4b_product_sync
2023-03-31T10:09:18+00:00 DEBUG tt4b_product_sync: missing access token for tt4b_product_sync
2023-03-31T10:09:18+00:00 DEBUG tt4b_product_sync: missing access token for tt4b_product_sync
2023-03-31T10:09:19+00:00 DEBUG tt4b_product_sync: missing access token for tt4b_product_sync
2023-03-31T10:09:19+00:00 DEBUG tt4b_product_sync: missing access token for tt4b_product_sync
2023-03-31T10:09:19+00:00 DEBUG tt4b_product_sync: missing access token for tt4b_product_sync
2023-03-31T10:09:20+00:00 DEBUG tt4b_product_sync: missing access token for tt4b_product_sync
2023-03-31T10:09:25+00:00 DEBUG tt4b_product_sync: missing access token for tt4b_product_sync
2023-03-31T10:09:30+00:00 DEBUG tt4b_product_sync: missing access token for tt4b_product_sync
2023-03-31T10:09:35+00:00 DEBUG tt4b_product_sync: missing access token for tt4b_product_sync
2023-03-31T10:09:41+00:00 DEBUG tt4b_product_sync: missing access token for tt4b_product_sync
2023-03-31T10:09:50+00:00 DEBUG tt4b_product_sync: missing access token for tt4b_product_sync
2023-03-31T10:09:50+00:00 DEBUG tt4b_product_sync: missing access token for tt4b_product_sync
2023-03-31T10:09:51+00:00 DEBUG tt4b_product_sync: missing access token for tt4b_product_sync
2023-03-31T10:09:58+00:00 DEBUG tt4b_product_sync: missing access token for tt4b_product_sync
2023-03-31T10:10:02+00:00 DEBUG tt4b_product_sync: missing access token for tt4b_product_sync
2023-03-31T11:36:45+00:00 DEBUG Tt4b_Pixel_Class::inject_view_content_event: hit injectViewContentEvent
2023-03-31T11:36:45+00:00 DEBUG Tt4b_Pixel_Class::inject_view_content_event: Missing option "access_token"
2023-03-31T11:36:56+00:00 DEBUG Tt4b_Pixel_Class::inject_add_to_cart_event: hit injectAddToCartEvent
2023-03-31T11:36:56+00:00 DEBUG Tt4b_Pixel_Class::inject_add_to_cart_event: Missing option "access_token"
2023-03-31T11:36:56+00:00 DEBUG Tt4b_Pixel_Class::inject_view_content_event: hit injectViewContentEvent
2023-03-31T11:36:56+00:00 DEBUG Tt4b_Pixel_Class::inject_view_content_event: Missing option "access_token"
2023-03-31T11:37:24+00:00 DEBUG Tt4b_Pixel_Class::inject_start_checkout: hit injectStartCheckout
2023-03-31T11:37:24+00:00 DEBUG Tt4b_Pixel_Class::inject_start_checkout: Missing option "access_token"
